Scraping home page from: https://news.google.com/
Finding 'Top stories' section...
'Top Stories' URL: https://news.google.com/topics/CAAqKggKIiRDQkFTRlFvSUwyMHZNRFZxYUdjU0JXVnVMVWRDR2dKSlRpZ0FQAQ?hl=en-IN&gl=IN&ceid=IN%3Aen
Scraping article headlines...
Error extracting article headlines: 'NoneType' object has no attribute 'find_previous_sibling'
Scraping home page from: https://news.google.com/
Finding 'Top stories' section...
'Top Stories' URL: https://news.google.com/topics/CAAqKggKIiRDQkFTRlFvSUwyMHZNRFZxYUdjU0JXVnVMVWRDR2dKSlRpZ0FQAQ?hl=en-IN&gl=IN&ceid=IN%3Aen
Scraping article headlines...
Saved to database: Kejriwal writes to EC, demands appointment of independent observers in New Delhi constituency with image name headline_image_41.jpg
Saved to database: Maha Kumbh 2025: Basant Panchami on February 3; officials prepare for zero-error ahead of 'amrit snan' with image name headline_image_42.jpg
Error extracting article headlines: 'NoneType' object has no attribute 'find_previous_sibling'
Scraping home page from: https://news.google.com/
Finding 'Top stories' section...
'Top Stories' URL: https://news.google.com/topics/CAAqKggKIiRDQkFTRlFvSUwyMHZNRFZxYUdjU0JXVnVMVWRDR2dKSlRpZ0FQAQ?hl=en-IN&gl=IN&ceid=IN%3Aen
Scraping article headlines...
Saved to database: Relief for house owners, can claim nil tax on two self-occupied properties now, without conditions with image name headline_image_43.jpg
Error extracting article headlines: 'NoneType' object has no attribute 'find_previous_sibling'
Scraping home page from: https://news.google.com/
Finding 'Top stories' section...
'Top Stories' URL: https://news.google.com/topics/CAAqKggKIiRDQkFTRlFvSUwyMHZNRFZxYUdjU0JXVnVMVWRDR2dKSlRpZ0FQAQ?hl=en-IN&gl=IN&ceid=IN%3Aen
Scraping article headlines...
Error extracting article headlines: 'NoneType' object has no attribute 'find_previous_sibling'
Scraping home page from: https://news.google.com/
Finding 'Top stories' section...
'Top Stories' URL: https://news.google.com/topics/CAAqKggKIiRDQkFTRlFvSUwyMHZNRFZxYUdjU0JXVnVMVWRDR2dKSlRpZ0FQAQ?hl=en-IN&gl=IN&ceid=IN%3Aen
Scraping article headlines...
Error extracting article headlines: 'NoneType' object has no attribute 'find_previous_sibling'
Scraping home page from: https://news.google.com/
Finding 'Top stories' section...
'Top Stories' URL: https://news.google.com/topics/CAAqKggKIiRDQkFTRlFvSUwyMHZNRFZxYUdjU0JXVnVMVWRDR2dKSlRpZ0FQAQ?hl=en-IN&gl=IN&ceid=IN%3Aen
Scraping article headlines...
Error extracting article headlines: 'NoneType' object has no attribute 'find_previous_sibling'
Scraping home page from: https://news.google.com/
Finding 'Top stories' section...
'Top Stories' URL: https://news.google.com/topics/CAAqKggKIiRDQkFTRlFvSUwyMHZNRFZxYUdjU0JXVnVMVWRDR2dKSlRpZ0FQAQ?hl=en-IN&gl=IN&ceid=IN%3Aen
Scraping article headlines...
Error extracting article headlines: 'NoneType' object has no attribute 'find_previous_sibling'
Scraping home page from: https://news.google.com/
Finding 'Top stories' section...
'Top Stories' URL: https://news.google.com/topics/CAAqKggKIiRDQkFTRlFvSUwyMHZNRFZxYUdjU0JXVnVMVWRDR2dKSlRpZ0FQAQ?hl=en-IN&gl=IN&ceid=IN%3Aen
Scraping article headlines...
Saved to database: PM Modi rally in Delhi: ‘BJP only party to respect middle class, Budget fulfils Modi’s guarantees’ with image name headline_image_44.jpg
Saved to database: After Bihar budget bonanza, YSRCP's swipe at NDA ally TDP: 'Andhra got zero' with image name headline_image_45.jpg
Saved to database: IND vs ENG 5th T20I: Abhishek Sharma's record-breaking 135 powers India to 4-1 series win against England with image name headline_image_46.jpg
Saved to database: Budget 2025: Government cuts duty on import of motorcycles with image name headline_image_47.jpg
Saved to database: Complaint filed against Sonia Gandhi in Bihar court for remark on President with image name headline_image_48.jpg
Saved to database: Budget 2025: BHEL, Bharat Dynamics, other defence stocks fall up to 9% on small capex rise with image name headline_image_49.jpg
Saved to database: Karnataka got nothing but 'Khali Chombu' in Union Budget 2025 : CM Siddaramaiah with image name headline_image_50.jpg
Saved to database: Intermittent rains, snow likely in J-K till Feb 10; says MeT with image name headline_image_51.jpg
Saved to database: How will Budget 2025 impact senior citizens? with image name headline_image_52.jpg
Saved to database: BCCI Announces Massive Cash Reward For Under-19 Women's T20 World Cup-Winning Team with image name headline_image_53.jpg
Saved to database: Deva box office collection day 3: Shahid Kapoor, Pooja Hegde film close to making ₹20 crore with image name headline_image_54.jpg
Saved to database: 28 people on ventilator in Maharashtra as Guillain-Barre Syndrome cases increase to 149, death toll at 5 | Mint with image name headline_image_55.jpg
Saved to database: EAM Jaishankar feels 'ashamed' to admit abroad that Delhi lacks basic amenities with image name headline_image_56.jpg
Saved to database: IND vs ENG 5th T20I Predicted Playing 11: Harshit Rana, Mohammed Shami in India Playing XI with image name headline_image_57.jpg
Saved to database: Gukesh, Praggnanandhaa Lead; Arjun Takes Down Abdusattorov with image name headline_image_58.jpg
Saved to database: England Captain Jos Buttler's "Impact Sub" Dig After Harshit Rana Concussion Substitute Controversy with image name headline_image_59.jpg
Saved to database: CJI & HC Chief Justices Meet To Discuss Evening Courts, Ad Hoc Judges; Supreme Court Holds Conference On... with image name headline_image_60.jpg
Saved to database: Tigers deserving champions, Toofans' settled future, foreigners keen to return: HIL reboots in style with image name headline_image_61.jpg
Saved to database: Himanshu Sangwan: 'Ya to Krishna ji ke do maa aur baap the, ya mere hain' with image name headline_image_62.jpg
Saved to database: FMCG, Auto, Consumer Durables, Insurance and other sectors set to benefit from Union Budget 2025 with image name headline_image_63.jpg
Saved to database: Kia Syros On-Road Price In Top 7 Cities! with image name headline_image_64.jpg
Saved to database: Sky Force Box Office Day 9: Akshay Kumar’s Two Post-COVID 100 Crore Grossers Achieved This Feat, Ready To Join The List! with image name headline_image_65.jpg
Saved to database: WWE Royal Rumble 2025: Jey Uso Wins Men's Event; Charlotte Flair Triumphs In Women's Match with image name headline_image_66.jpg
Saved to database: Udit Narayan justifies kissing female fans at concert yet again: ‘It is not something sleazy or secret’ with image name headline_image_67.jpg
Saved to database: India reviewing crypto position due to global changes, senior official says with image name headline_image_68.jpg
Saved to database: Mamta Kulkarni hits back at Baba Ramdev and Dhirendra Shastri with sharp remarks: 'I suggest he ask his g with image name headline_image_69.jpg
Saved to database: BCCI Awards: Lifetime award for Sachin Tendulkar, Bumrah is best men's cricketer with image name headline_image_70.jpg
Scraping home page from: https://news.google.com/
Finding 'Top stories' section...
'Top Stories' URL: https://news.google.com/topics/CAAqKggKIiRDQkFTRlFvSUwyMHZNRFZxYUdjU0JXVnVMVWRDR2dKSlRpZ0FQAQ?hl=en-IN&gl=IN&ceid=IN%3Aen
Scraping article headlines...
Scraping home page from: https://news.google.com/
Finding 'Top stories' section...
'Top Stories' URL: https://news.google.com/topics/CAAqKggKIiRDQkFTRlFvSUwyMHZNRFZxYUdjU0JXVnVMVWRDR2dKSlRpZ0FQAQ?hl=en-IN&gl=IN&ceid=IN%3Aen
Scraping article headlines...
Scraping home page from: https://news.google.com/
Finding 'Top stories' section...
'Top Stories' URL: https://news.google.com/topics/CAAqKggKIiRDQkFTRlFvSUwyMHZNRFZxYUdjU0JXVnVMVWRDR2dKSlRpZ0FQAQ?hl=en-IN&gl=IN&ceid=IN%3Aen
Scraping article headlines...
Scraping home page from: https://news.google.com/
Finding 'Top stories' section...
'Top Stories' URL: https://news.google.com/topics/CAAqKggKIiRDQkFTRlFvSUwyMHZNRFZxYUdjU0JXVnVMVWRDR2dKSlRpZ0FQAQ?hl=en-IN&gl=IN&ceid=IN%3Aen
Scraping article headlines...
Scraping home page from: https://news.google.com/
Finding 'Top stories' section...
'Top Stories' URL: https://news.google.com/topics/CAAqKggKIiRDQkFTRlFvSUwyMHZNRFZxYUdjU0JXVnVMVWRDR2dKSlRpZ0FQAQ?hl=en-IN&gl=IN&ceid=IN%3Aen
Scraping article headlines...
Scraping home page from: https://news.google.com/
Finding 'Top stories' section...
'Top Stories' URL: https://news.google.com/topics/CAAqKggKIiRDQkFTRlFvSUwyMHZNRFZxYUdjU0JXVnVMVWRDR2dKSlRpZ0FQAQ?hl=en-IN&gl=IN&ceid=IN%3Aen
Scraping article headlines...
Scraping home page from: https://news.google.com/
Finding 'Top stories' section...
'Top Stories' URL: https://news.google.com/topics/CAAqKggKIiRDQkFTRlFvSUwyMHZNRFZxYUdjU0JXVnVMVWRDR2dKSlRpZ0FQAQ?hl=en-IN&gl=IN&ceid=IN%3Aen
Scraping article headlines...
Scraping home page from: https://news.google.com/
Finding 'Top stories' section...
'Top Stories' URL: https://news.google.com/topics/CAAqKggKIiRDQkFTRlFvSUwyMHZNRFZxYUdjU0JXVnVMVWRDR2dKSlRpZ0FQAQ?hl=en-IN&gl=IN&ceid=IN%3Aen
Scraping article headlines...
Saved to database: India Break Multiple Records En Route To 4-1 T20I Series Win Over England with image name headline_image_71.jpg
