2025-02-01 23:49:30,309 - INFO - Starting Google News Scraper Orchestration
2025-02-01 23:49:30,335 - INFO - Scraping home page from: https://news.google.com/
2025-02-01 23:49:31,172 - INFO - Finding 'Top stories' section...
2025-02-01 23:49:31,178 - INFO - Found 'Top Stories' URL: https://news.google.com/topics/CAAqKggKIiRDQkFTRlFvSUwyMHZNRFZxYUdjU0JXVnVMVWRDR2dKSlRpZ0FQAQ?hl=en-IN&gl=IN&ceid=IN%3Aen
2025-02-01 23:49:31,178 - INFO - Scraping article headlines...
2025-02-01 23:49:31,197 - INFO - Making a folder to store the images
2025-02-01 23:49:31,198 - INFO - Connecting to the database...
2025-02-01 23:49:35,902 - INFO - Connection is complete...
2025-02-01 23:49:35,903 - INFO - Orchestration completed.

2025-02-01 23:55:18,975 - INFO - Starting Google News Scraper Orchestration
2025-02-01 23:55:18,979 - INFO - Scraping home page from: https://news.google.com/
2025-02-01 23:55:19,799 - INFO - Finding 'Top stories' section...
2025-02-01 23:55:19,805 - INFO - Found 'Top Stories' URL: https://news.google.com/topics/CAAqKggKIiRDQkFTRlFvSUwyMHZNRFZxYUdjU0JXVnVMVWRDR2dKSlRpZ0FQAQ?hl=en-IN&gl=IN&ceid=IN%3Aen
2025-02-01 23:55:19,805 - INFO - Scraping article headlines...
2025-02-01 23:55:19,805 - INFO - Folder is already present
2025-02-01 23:55:19,805 - INFO - Connecting to the database...
2025-02-01 23:55:28,859 - INFO - Connection is complete...
2025-02-01 23:55:28,859 - INFO - Orchestration completed.

2025-02-01 23:57:21,866 - INFO - Starting Google News Scraper Orchestration
2025-02-01 23:57:21,871 - INFO - Scraping home page from: https://news.google.com/
2025-02-01 23:57:22,731 - INFO - Finding 'Top stories' section...
2025-02-01 23:57:22,735 - INFO - Found 'Top Stories' URL: https://news.google.com/topics/CAAqKggKIiRDQkFTRlFvSUwyMHZNRFZxYUdjU0JXVnVMVWRDR2dKSlRpZ0FQAQ?hl=en-IN&gl=IN&ceid=IN%3Aen
2025-02-01 23:57:22,735 - INFO - Scraping article headlines...
2025-02-01 23:57:22,735 - INFO - Folder is already present
2025-02-01 23:57:22,736 - INFO - Connecting to the database...
2025-02-01 23:57:32,716 - INFO - Connection is complete...
2025-02-01 23:57:32,716 - INFO - Orchestration completed.

2025-02-02 00:01:24,338 - INFO - Starting Google News Scraper Orchestration
2025-02-02 00:01:24,363 - INFO - Scraping home page from: https://news.google.com/
2025-02-02 00:01:25,347 - INFO - Finding 'Top stories' section...
2025-02-02 00:01:25,351 - INFO - Found 'Top Stories' URL: https://news.google.com/topics/CAAqKggKIiRDQkFTRlFvSUwyMHZNRFZxYUdjU0JXVnVMVWRDR2dKSlRpZ0FQAQ?hl=en-IN&gl=IN&ceid=IN%3Aen
2025-02-02 00:01:25,351 - INFO - Scraping article headlines...
2025-02-02 00:01:25,351 - INFO - Folder is already present
2025-02-02 00:01:25,351 - INFO - Connecting to the database...
2025-02-02 00:01:34,649 - INFO - Connection is complete...
2025-02-02 00:01:34,649 - INFO - Orchestration completed.

2025-02-02 00:02:55,593 - INFO - Starting Google News Scraper Orchestration
2025-02-02 00:02:55,597 - INFO - Scraping home page from: https://news.google.com/
2025-02-02 00:02:56,465 - INFO - Finding 'Top stories' section...
2025-02-02 00:02:56,472 - INFO - Found 'Top Stories' URL: https://news.google.com/topics/CAAqKggKIiRDQkFTRlFvSUwyMHZNRFZxYUdjU0JXVnVMVWRDR2dKSlRpZ0FQAQ?hl=en-IN&gl=IN&ceid=IN%3Aen
2025-02-02 00:02:56,472 - INFO - Scraping article headlines...
2025-02-02 00:02:56,472 - INFO - Folder is already present
2025-02-02 00:02:56,472 - INFO - Connecting to the database...
2025-02-02 00:03:06,068 - INFO - Connection is complete...
2025-02-02 00:03:06,069 - INFO - Orchestration completed.

2025-02-02 00:03:07,889 - INFO - Starting Google News Scraper Orchestration
2025-02-02 00:03:07,894 - INFO - Scraping home page from: https://news.google.com/
2025-02-02 00:03:08,857 - INFO - Finding 'Top stories' section...
2025-02-02 00:03:08,861 - INFO - Found 'Top Stories' URL: https://news.google.com/topics/CAAqKggKIiRDQkFTRlFvSUwyMHZNRFZxYUdjU0JXVnVMVWRDR2dKSlRpZ0FQAQ?hl=en-IN&gl=IN&ceid=IN%3Aen
2025-02-02 00:03:08,862 - INFO - Scraping article headlines...
2025-02-02 00:03:08,862 - INFO - Folder is already present
2025-02-02 00:03:08,862 - INFO - Connecting to the database...
2025-02-02 00:03:17,937 - INFO - Connection is complete...
2025-02-02 00:03:17,938 - INFO - Orchestration completed.

2025-02-02 00:09:50,178 - INFO - Starting Google News Scraper Orchestration
2025-02-02 00:09:50,182 - INFO - Scraping home page from: https://news.google.com/
2025-02-02 00:09:51,163 - INFO - Finding 'Top stories' section...
2025-02-02 00:09:51,166 - INFO - Found 'Top Stories' URL: https://news.google.com/topics/CAAqKggKIiRDQkFTRlFvSUwyMHZNRFZxYUdjU0JXVnVMVWRDR2dKSlRpZ0FQAQ?hl=en-IN&gl=IN&ceid=IN%3Aen
2025-02-02 00:09:51,166 - INFO - Scraping article headlines...
2025-02-02 00:09:51,166 - INFO - Folder already exists
2025-02-02 00:09:51,166 - INFO - Connecting to the database...
2025-02-02 00:09:52,063 - INFO - Skipping duplicate: Will income tax booster by Modi government safeguard stock market bulls against FII selloff?
2025-02-02 00:09:52,123 - INFO - Skipping duplicate: Focus on Bihar: Here are the schemes announced for the state in the Budget
2025-02-02 00:09:52,281 - INFO - Skipping duplicate: Railway Stocks Crash: IRFC, RVNL, IRCON shares fall 10% after FY26 allocation in Budget 2025
2025-02-02 00:09:52,336 - INFO - Skipping duplicate: Budget 2025 Focuses on Clean Energy Manufacturing, Halves Solar Module Duty to 20%
2025-02-02 00:09:52,389 - INFO - Skipping duplicate: Thumbs up or down? How INDIA bloc reacted to Nirmala Sitharaman's Budget 2025
2025-02-02 00:09:52,438 - INFO - Skipping duplicate: Budget 2025: Zomato, Swiggy shares rally up to 10% following income tax relief announcement
2025-02-02 00:09:52,491 - INFO - Skipping duplicate: Kia Sales Jan 2025 - 5,546 Syros SUV Units Dispatched
2025-02-02 00:09:52,542 - INFO - Skipping duplicate: The King Kohli show comes to Delhi
2025-02-02 00:09:52,544 - INFO - Orchestration completed.

2025-02-02 00:12:04,352 - INFO - Starting Google News Scraper Orchestration
2025-02-02 00:12:04,358 - INFO - Scraping home page from: https://news.google.com/
2025-02-02 00:12:05,184 - INFO - Finding 'Top stories' section...
2025-02-02 00:12:05,189 - INFO - Found 'Top Stories' URL: https://news.google.com/topics/CAAqKggKIiRDQkFTRlFvSUwyMHZNRFZxYUdjU0JXVnVMVWRDR2dKSlRpZ0FQAQ?hl=en-IN&gl=IN&ceid=IN%3Aen
2025-02-02 00:12:05,189 - INFO - Scraping article headlines...
2025-02-02 00:12:05,189 - INFO - Folder already exists
2025-02-02 00:12:05,189 - INFO - Connecting to the database...
2025-02-02 00:12:06,077 - INFO - Saving new articles to database...
2025-02-02 00:12:06,322 - INFO - Saving new articles to database...
2025-02-02 00:12:06,453 - INFO - Saving new articles to database...
2025-02-02 00:12:06,673 - INFO - Saving new articles to database...
2025-02-02 00:12:06,838 - INFO - Orchestration completed.

2025-02-02 00:12:08,489 - INFO - Starting Google News Scraper Orchestration
2025-02-02 00:12:08,494 - INFO - Scraping home page from: https://news.google.com/
2025-02-02 00:12:09,778 - INFO - Finding 'Top stories' section...
2025-02-02 00:12:09,781 - INFO - Found 'Top Stories' URL: https://news.google.com/topics/CAAqKggKIiRDQkFTRlFvSUwyMHZNRFZxYUdjU0JXVnVMVWRDR2dKSlRpZ0FQAQ?hl=en-IN&gl=IN&ceid=IN%3Aen
2025-02-02 00:12:09,781 - INFO - Scraping article headlines...
2025-02-02 00:12:09,781 - INFO - Folder already exists
2025-02-02 00:12:09,781 - INFO - Connecting to the database...
2025-02-02 00:12:10,667 - INFO - Saving new articles to database...
2025-02-02 00:12:10,785 - INFO - Saving new articles to database...
2025-02-02 00:12:10,909 - INFO - Saving new articles to database...
2025-02-02 00:12:11,153 - INFO - Saving new articles to database...
2025-02-02 00:12:11,287 - INFO - Saving new articles to database...
2025-02-02 00:12:11,405 - INFO - Saving new articles to database...
2025-02-02 00:12:11,526 - INFO - Saving new articles to database...
2025-02-02 00:12:11,638 - INFO - Saving new articles to database...
2025-02-02 00:12:11,809 - INFO - Orchestration completed.

2025-02-02 00:15:02,042 - INFO - Starting Google News Scraper Orchestration
2025-02-02 00:15:02,045 - INFO - Scraping home page from: https://news.google.com/
2025-02-02 00:15:03,233 - INFO - Finding 'Top stories' section...
2025-02-02 00:15:03,236 - INFO - Found 'Top Stories' URL: https://news.google.com/topics/CAAqKggKIiRDQkFTRlFvSUwyMHZNRFZxYUdjU0JXVnVMVWRDR2dKSlRpZ0FQAQ?hl=en-IN&gl=IN&ceid=IN%3Aen
2025-02-02 00:15:03,237 - INFO - Scraping article headlines...
2025-02-02 00:15:03,237 - INFO - Folder already exists
2025-02-02 00:15:03,237 - INFO - Connecting to the database...
2025-02-02 00:15:04,619 - INFO - Saving new articles to database...
2025-02-02 00:15:05,765 - INFO - Saving new articles to database...
2025-02-02 00:15:06,671 - INFO - Saving new articles to database...
2025-02-02 00:15:07,930 - INFO - Saving new articles to database...
2025-02-02 00:15:09,055 - INFO - Saving new articles to database...
2025-02-02 00:15:09,992 - INFO - Saving new articles to database...
2025-02-02 00:15:11,274 - INFO - Saving new articles to database...
2025-02-02 00:15:12,685 - INFO - Saving new articles to database...
2025-02-02 00:15:13,596 - INFO - Orchestration completed.

2025-02-02 00:18:28,008 - INFO - Starting Google News Scraper Orchestration
2025-02-02 00:18:28,013 - INFO - Scraping home page from: https://news.google.com/
2025-02-02 00:18:29,161 - INFO - Finding 'Top stories' section...
2025-02-02 00:18:29,165 - INFO - Found 'Top Stories' URL: https://news.google.com/topics/CAAqKggKIiRDQkFTRlFvSUwyMHZNRFZxYUdjU0JXVnVMVWRDR2dKSlRpZ0FQAQ?hl=en-IN&gl=IN&ceid=IN%3Aen
2025-02-02 00:18:29,165 - INFO - Scraping article headlines...
2025-02-02 00:18:29,165 - INFO - Folder already exists
2025-02-02 00:18:29,165 - INFO - Connecting to the database...
2025-02-02 00:18:30,176 - INFO - Saving new articles to database...
2025-02-02 00:18:31,231 - INFO - Saving new articles to database...
2025-02-02 00:18:32,272 - INFO - Saving new articles to database...
2025-02-02 00:18:33,624 - INFO - Saving new articles to database...
2025-02-02 00:18:34,517 - INFO - Saving new articles to database...
2025-02-02 00:18:35,498 - INFO - Saving new articles to database...
2025-02-02 00:18:36,349 - INFO - Orchestration completed.

2025-02-02 00:27:32,840 - INFO - Starting Google News Scraper Orchestration
2025-02-02 00:27:32,845 - INFO - Scraping home page from: https://news.google.com/
2025-02-02 00:27:33,640 - INFO - Finding 'Top stories' section...
2025-02-02 00:27:33,644 - INFO - Found 'Top Stories' URL: https://news.google.com/topics/CAAqKggKIiRDQkFTRlFvSUwyMHZNRFZxYUdjU0JXVnVMVWRDR2dKSlRpZ0FQAQ?hl=en-IN&gl=IN&ceid=IN%3Aen
2025-02-02 00:27:33,644 - INFO - Scraping article headlines...
2025-02-02 00:27:33,644 - INFO - Folder already exists
2025-02-02 00:27:33,644 - INFO - Connecting to the database...
2025-02-02 00:27:33,746 - INFO - Connection is complete...
2025-02-02 00:27:34,495 - INFO - Saving new articles to database...
2025-02-02 00:27:34,707 - INFO - Saving new articles to database...
2025-02-02 00:27:34,838 - INFO - Saving new articles to database...
2025-02-02 00:27:35,051 - INFO - Saving new articles to database...
2025-02-02 00:27:35,170 - INFO - Saving new articles to database...
2025-02-02 00:27:35,281 - INFO - Saving new articles to database...
2025-02-02 00:27:35,340 - INFO - Orchestration completed.

2025-02-02 00:29:06,201 - INFO - Starting Google News Scraper Orchestration
2025-02-02 00:29:06,206 - INFO - Scraping home page from: https://news.google.com/
2025-02-02 00:29:07,071 - INFO - Finding 'Top stories' section...
2025-02-02 00:29:07,075 - INFO - Found 'Top Stories' URL: https://news.google.com/topics/CAAqKggKIiRDQkFTRlFvSUwyMHZNRFZxYUdjU0JXVnVMVWRDR2dKSlRpZ0FQAQ?hl=en-IN&gl=IN&ceid=IN%3Aen
2025-02-02 00:29:07,075 - INFO - Scraping article headlines...
2025-02-02 00:29:07,075 - INFO - Folder already exists
2025-02-02 00:29:07,075 - INFO - Connecting to the database...
2025-02-02 00:29:07,170 - INFO - Connection is complete...
2025-02-02 00:29:07,872 - INFO - Saving new articles to database...
2025-02-02 00:29:08,828 - INFO - Saving new articles to database...
2025-02-02 00:29:09,755 - INFO - Saving new articles to database...
2025-02-02 00:29:10,619 - INFO - Saving new articles to database...
2025-02-02 00:29:11,781 - INFO - Saving new articles to database...
2025-02-02 00:29:12,669 - INFO - Saving new articles to database...
2025-02-02 00:29:13,511 - INFO - Orchestration completed.

2025-02-02 00:31:26,891 - INFO - Starting Google News Scraper Orchestration
2025-02-02 00:31:26,896 - INFO - Scraping home page from: https://news.google.com/
2025-02-02 00:31:27,801 - INFO - Finding 'Top stories' section...
2025-02-02 00:31:27,805 - INFO - Found 'Top Stories' URL: https://news.google.com/topics/CAAqKggKIiRDQkFTRlFvSUwyMHZNRFZxYUdjU0JXVnVMVWRDR2dKSlRpZ0FQAQ?hl=en-IN&gl=IN&ceid=IN%3Aen
2025-02-02 00:31:27,805 - INFO - Scraping article headlines...
2025-02-02 00:31:27,805 - INFO - Folder already exists
2025-02-02 00:31:27,805 - INFO - Connecting to the database...
2025-02-02 00:31:27,896 - INFO - Connection is complete...
2025-02-02 00:31:28,784 - INFO - Saving new articles to database...
2025-02-02 00:42:59,444 - INFO - Starting Google News Scraper Orchestration
2025-02-02 00:42:59,447 - INFO - Scraping home page from: https://news.google.com/
2025-02-02 00:43:00,296 - INFO - Finding 'Top stories' section...
2025-02-02 00:43:00,299 - INFO - Found 'Top Stories' URL: https://news.google.com/topics/CAAqKggKIiRDQkFTRlFvSUwyMHZNRFZxYUdjU0JXVnVMVWRDR2dKSlRpZ0FQAQ?hl=en-IN&gl=IN&ceid=IN%3Aen
2025-02-02 00:43:00,299 - INFO - Scraping article headlines...
2025-02-02 00:43:00,299 - INFO - Folder already exists
2025-02-02 00:43:00,299 - INFO - Connecting to the database...
2025-02-02 00:43:00,378 - INFO - Connection is complete...
2025-02-02 00:43:00,378 - INFO - Save to the database...
2025-02-02 00:49:05,089 - INFO - Starting Google News Scraper Orchestration
2025-02-02 00:49:05,091 - INFO - Scraping home page from: https://news.google.com/
2025-02-02 00:49:05,847 - INFO - Finding 'Top stories' section...
2025-02-02 00:49:05,850 - INFO - Found 'Top Stories' URL: https://news.google.com/topics/CAAqKggKIiRDQkFTRlFvSUwyMHZNRFZxYUdjU0JXVnVMVWRDR2dKSlRpZ0FQAQ?hl=en-IN&gl=IN&ceid=IN%3Aen
2025-02-02 00:49:05,850 - INFO - Scraping article headlines...
2025-02-02 00:49:05,850 - INFO - Folder already exists
2025-02-02 00:49:05,850 - INFO - Connecting to the database...
2025-02-02 00:49:06,033 - INFO - Connection is complete...
2025-02-02 00:49:06,033 - INFO - Save to the database...
2025-02-02 00:49:10,140 - INFO - Orchestration completed.

2025-02-02 00:49:21,099 - INFO - Starting Google News Scraper Orchestration
2025-02-02 00:49:21,102 - INFO - Scraping home page from: https://news.google.com/
2025-02-02 00:49:21,901 - INFO - Finding 'Top stories' section...
2025-02-02 00:49:21,904 - INFO - Found 'Top Stories' URL: https://news.google.com/topics/CAAqKggKIiRDQkFTRlFvSUwyMHZNRFZxYUdjU0JXVnVMVWRDR2dKSlRpZ0FQAQ?hl=en-IN&gl=IN&ceid=IN%3Aen
2025-02-02 00:49:21,904 - INFO - Scraping article headlines...
2025-02-02 00:49:21,904 - INFO - Folder already exists
2025-02-02 00:49:21,904 - INFO - Connecting to the database...
2025-02-02 00:49:21,942 - INFO - Connection is complete...
2025-02-02 00:49:22,714 - INFO - Skipping duplicate: Will income tax booster by Modi government safeguard stock market bulls against FII selloff?
2025-02-02 00:49:22,751 - INFO - Saving new articles to database...
2025-02-02 00:49:23,616 - INFO - Orchestration completed.

2025-02-02 00:50:46,807 - INFO - Starting Google News Scraper Orchestration
2025-02-02 00:50:46,809 - INFO - Scraping home page from: https://news.google.com/
2025-02-02 00:50:47,563 - INFO - Finding 'Top stories' section...
2025-02-02 00:50:47,567 - INFO - Found 'Top Stories' URL: https://news.google.com/topics/CAAqKggKIiRDQkFTRlFvSUwyMHZNRFZxYUdjU0JXVnVMVWRDR2dKSlRpZ0FQAQ?hl=en-IN&gl=IN&ceid=IN%3Aen
2025-02-02 00:50:47,567 - INFO - Scraping article headlines...
2025-02-02 00:50:47,567 - INFO - Folder already exists
2025-02-02 00:50:47,567 - INFO - Connecting to the database...
2025-02-02 00:50:47,607 - INFO - Connection is complete...
2025-02-02 00:50:48,401 - INFO - Skipping duplicate: Will income tax booster by Modi government safeguard stock market bulls against FII selloff?
2025-02-02 00:50:48,437 - INFO - Skipping duplicate: Focus on Bihar: Here are the schemes announced for the state in the Budget
2025-02-02 00:50:48,595 - INFO - Saving new articles to database...
2025-02-02 00:50:49,616 - INFO - Saving new articles to database...
2025-02-02 00:50:50,628 - INFO - Saving new articles to database...
2025-02-02 00:50:51,564 - INFO - Saving new articles to database...
2025-02-02 00:50:52,896 - INFO - Saving new articles to database...
2025-02-02 00:50:53,880 - INFO - Orchestration completed.

2025-02-02 00:52:35,739 - INFO - Starting Google News Scraper Orchestration
2025-02-02 00:52:35,744 - INFO - Scraping home page from: https://news.google.com/
2025-02-02 00:52:36,520 - INFO - Finding 'Top stories' section...
2025-02-02 00:52:36,523 - INFO - Found 'Top Stories' URL: https://news.google.com/topics/CAAqKggKIiRDQkFTRlFvSUwyMHZNRFZxYUdjU0JXVnVMVWRDR2dKSlRpZ0FQAQ?hl=en-IN&gl=IN&ceid=IN%3Aen
2025-02-02 00:52:36,523 - INFO - Scraping article headlines...
2025-02-02 00:52:36,523 - INFO - Folder already exists
2025-02-02 00:52:36,523 - INFO - Connecting to the database...
2025-02-02 00:52:36,560 - INFO - Connection is complete...
2025-02-02 00:52:37,386 - INFO - Skipping duplicate: Will income tax booster by Modi government safeguard stock market bulls against FII selloff?
2025-02-02 00:52:37,538 - INFO - Skipping duplicate: Focus on Bihar: Here are the schemes announced for the state in the Budget
2025-02-02 00:52:37,676 - INFO - Skipping duplicate: Railway Stocks Crash: IRFC, RVNL, IRCON shares fall 10% after FY26 allocation in Budget 2025
2025-02-02 00:52:37,712 - INFO - Skipping duplicate: What did the Budget say about ‘Make in India’?
2025-02-02 00:52:37,746 - INFO - Skipping duplicate: Budget 2025: Zomato, Swiggy shares rally up to 10% following income tax relief announcement
2025-02-02 00:52:37,783 - INFO - Skipping duplicate: Kia Sales Jan 2025 - 5,546 Syros SUV Units Dispatched
2025-02-02 00:52:37,817 - INFO - Skipping duplicate: The King Kohli show comes to Delhi
2025-02-02 00:52:37,818 - INFO - Orchestration completed.

2025-02-02 01:28:42,909 - INFO - Starting Google News Scraper Orchestration
2025-02-02 01:28:42,913 - INFO - Scraping home page from: https://news.google.com/
2025-02-02 01:28:43,694 - INFO - Finding 'Top stories' section...
2025-02-02 01:28:43,697 - INFO - Found 'Top Stories' URL: https://news.google.com/topics/CAAqKggKIiRDQkFTRlFvSUwyMHZNRFZxYUdjU0JXVnVMVWRDR2dKSlRpZ0FQAQ?hl=en-IN&gl=IN&ceid=IN%3Aen
2025-02-02 01:28:43,697 - INFO - Scraping article headlines...
2025-02-02 01:28:43,697 - INFO - Folder already exists
2025-02-02 01:28:43,697 - INFO - Connecting to the database...
2025-02-02 01:28:43,757 - INFO - Connection is complete...
2025-02-02 01:28:44,675 - INFO - Skipping duplicate: Will income tax booster by Modi government safeguard stock market bulls against FII selloff?
2025-02-02 01:28:44,814 - INFO - Skipping duplicate: Focus on Bihar: Here are the schemes announced for the state in the Budget
2025-02-02 01:28:44,854 - INFO - Skipping duplicate: Railway Stocks Crash: IRFC, RVNL, IRCON shares fall 10% after FY26 allocation in Budget 2025
2025-02-02 01:28:44,999 - INFO - Saving new articles to database...
2025-02-02 01:28:45,958 - INFO - Skipping duplicate: Budget 2025: Zomato, Swiggy shares rally up to 10% following income tax relief announcement
2025-02-02 01:28:45,992 - INFO - Skipping duplicate: Kia Sales Jan 2025 - 5,546 Syros SUV Units Dispatched
2025-02-02 01:28:46,133 - INFO - Skipping duplicate: The King Kohli show comes to Delhi
2025-02-02 01:28:46,167 - INFO - Skipping duplicate: What did the Budget say about ‘Make in India’?
2025-02-02 01:28:46,169 - INFO - Orchestration completed.

